<?xml version="1.0" encoding="UTF-8"?>
<!-- Generated by org.testng.reporters.JUnitReportReporter -->
<testsuite hostname="DESKTOP-4TJI6VM" failures="0" tests="8" name="OnlineShopTest" time="0.002" errors="0" timestamp="2022-03-24T12:10:39 MSK" skipped="8">
  <testcase classname="OnlineShopTest" name="moveToDeliveryInfo" time="0.001">
    <skipped/>
  </testcase> <!-- moveToDeliveryInfo -->
  <system-out/>
  <testcase classname="OnlineShopTest" name="sotrByName" time="0.000">
    <skipped/>
  </testcase> <!-- sotrByName -->
  <system-out/>
  <testcase classname="OnlineShopTest" name="checkDuckLabel" time="0.000">
    <skipped/>
  </testcase> <!-- checkDuckLabel -->
  <system-out/>
  <testcase classname="OnlineShopTest" name="checkDuckLabel" time="0.001">
    <skipped/>
  </testcase> <!-- checkDuckLabel -->
  <system-out/>
  <testcase classname="OnlineShopTest" name="checkDuckLabel" time="0.000">
    <skipped/>
  </testcase> <!-- checkDuckLabel -->
  <system-out/>
  <testcase classname="OnlineShopTest" name="sortByPrice" time="0.000">
    <skipped/>
  </testcase> <!-- sortByPrice -->
  <system-out/>
  <testcase classname="OnlineShopTest" name="moveToTermsAndConditions" time="0.000">
    <skipped/>
  </testcase> <!-- moveToTermsAndConditions -->
  <system-out/>
  <testcase classname="OnlineShopTest" name="moveToRubberDuck" time="0.000">
    <skipped/>
  </testcase> <!-- moveToRubberDuck -->
  <system-out/>
</testsuite> <!-- OnlineShopTest -->
