<?xml version="1.0" encoding="UTF-8"?>
<!-- Generated by org.testng.reporters.JUnitReportReporter -->
<testsuite hostname="DESKTOP-4TJI6VM" failures="0" tests="2" name="SeleniumTest" time="0.000" errors="0" timestamp="2022-03-24T12:10:40 MSK" skipped="2">
  <testcase classname="SeleniumTest" name="doubleClick" time="0.000">
    <skipped/>
  </testcase> <!-- doubleClick -->
  <system-out/>
  <testcase classname="SeleniumTest" name="findLinks" time="0.000">
    <skipped/>
  </testcase> <!-- findLinks -->
  <system-out/>
</testsuite> <!-- SeleniumTest -->
