<?xml version="1.0" encoding="UTF-8"?>
<!-- Generated by org.testng.reporters.JUnitReportReporter -->
<testsuite hostname="DESKTOP-4TJI6VM" failures="0" tests="1" name="BelhardTest" time="0.000" errors="0" timestamp="2022-03-24T12:10:40 MSK" skipped="1">
  <testcase classname="BelhardTest" name="newTabCheck" time="0.000">
    <skipped/>
  </testcase> <!-- newTabCheck -->
  <system-out/>
</testsuite> <!-- BelhardTest -->
