<?xml version="1.0" encoding="UTF-8"?>
<!-- Generated by org.testng.reporters.JUnitReportReporter -->
<testsuite hostname="DESKTOP-4TJI6VM" failures="0" tests="3" name="AlertTest" time="0.002" errors="0" timestamp="2022-03-24T12:10:40 MSK" skipped="3">
  <testcase classname="AlertTest" name="alertTest" time="0.001">
    <skipped/>
  </testcase> <!-- alertTest -->
  <system-out/>
  <testcase classname="AlertTest" name="confirmAlertTest" time="0.000">
    <skipped/>
  </testcase> <!-- confirmAlertTest -->
  <system-out/>
  <testcase classname="AlertTest" name="promptmAlertTest" time="0.001">
    <skipped/>
  </testcase> <!-- promptmAlertTest -->
  <system-out/>
</testsuite> <!-- AlertTest -->
