<?xml version="1.0" encoding="UTF-8"?>
<!-- Generated by org.testng.reporters.JUnitReportReporter -->
<testsuite hostname="DESKTOP-4TJI6VM" failures="0" tests="4" name="FrameTest" time="0.004" errors="0" timestamp="2022-03-24T12:10:40 MSK" skipped="4">
  <testcase classname="FrameTest" name="ckeckMiddleFrame" time="0.002">
    <skipped/>
  </testcase> <!-- ckeckMiddleFrame -->
  <system-out/>
  <testcase classname="FrameTest" name="ckeckLeftFrames" time="0.000">
    <skipped/>
  </testcase> <!-- ckeckLeftFrames -->
  <system-out/>
  <testcase classname="FrameTest" name="ckeckRightFrames" time="0.001">
    <skipped/>
  </testcase> <!-- ckeckRightFrames -->
  <system-out/>
  <testcase classname="FrameTest" name="ckeckIframeText" time="0.001">
    <skipped/>
  </testcase> <!-- ckeckIframeText -->
  <system-out/>
</testsuite> <!-- FrameTest -->
